<?xml version="1.0" encoding="UTF-8"?>
<!-- Generated by org.testng.reporters.JUnitReportReporter -->
<testsuite hostname="BSC-PG02E1PB" failures="0" tests="1" name="testpackage.Tutorial" time="8.629" errors="0" timestamp="2024-03-13T16:38:04 IST" skipped="0">
  <testcase classname="testpackage.Tutorial" name="SortedDataTable" time="8.629"/>
</testsuite> <!-- testpackage.Tutorial -->
