<?xml version="1.0" encoding="UTF-8"?>
<!-- Generated by org.testng.reporters.JUnitReportReporter -->
<testsuite hostname="BSC-PG02E1PB" failures="0" tests="1" name="testpackage.LoginTest" time="4.650" errors="0" timestamp="2024-02-10T19:52:10 IST" skipped="0">
  <testcase classname="testpackage.LoginTest" name="Login" time="4.650"/>
</testsuite> <!-- testpackage.LoginTest -->
