<?xml version="1.0" encoding="UTF-8"?>
<!-- Generated by org.testng.reporters.JUnitReportReporter -->
<testsuite hostname="BSC-PG02E1PB" failures="0" tests="1" name="test.Upload" time="1.479" errors="0" timestamp="2024-03-07T12:05:34 IST" skipped="0">
  <testcase classname="test.Upload" name="upload" time="1.479"/>
  <system-out/>
</testsuite> <!-- test.Upload -->
