<?xml version="1.0" encoding="UTF-8"?>
<!-- Generated by org.testng.reporters.JUnitReportReporter -->
<testsuite hostname="BSC-PG02E1PB" failures="0" tests="1" name="test.dynamictable" time="3.548" errors="0" timestamp="2024-02-12T22:13:38 IST" skipped="0">
  <testcase classname="test.dynamictable" name="DynamicTableTest" time="3.548"/>
  <system-out/>
</testsuite> <!-- test.dynamictable -->
