<?xml version="1.0" encoding="UTF-8"?>
<!-- Generated by org.testng.reporters.JUnitReportReporter -->
<testsuite hostname="BSC-PG02E1PB" failures="0" tests="1" name="test.download" time="2.017" errors="0" timestamp="2024-02-14T16:10:25 IST" skipped="0">
  <testcase classname="test.download" name="Download" time="2.017"/>
  <system-out/>
</testsuite> <!-- test.download -->
