<?xml version="1.0" encoding="UTF-8"?>
<!-- Generated by org.testng.reporters.JUnitReportReporter -->
<testsuite hostname="BSC-PG02E1PB" failures="0" tests="1" name="test.E2ETest" time="9.241" errors="0" timestamp="2024-02-11T15:29:09 IST" skipped="0">
  <testcase classname="test.E2ETest" name="EndToEndTest" time="9.241"/>
  <system-out/>
</testsuite> <!-- test.E2ETest -->
