<?xml version="1.0" encoding="UTF-8"?>
<!-- Generated by org.testng.reporters.JUnitReportReporter -->
<testsuite hostname="BSC-PG02E1PB" failures="0" tests="3" name="test.loginpage" time="7.411" errors="0" timestamp="2024-02-12T22:18:46 IST" skipped="0">
  <testcase classname="test.loginpage" name="EndToEndTest" time="2.005"/>
  <system-out/>
  <testcase classname="test.loginpage" name="EndToEndTest" time="2.226"/>
  <system-out/>
  <testcase classname="test.loginpage" name="EndToEndTest" time="3.180"/>
  <system-out/>
</testsuite> <!-- test.loginpage -->
