<?xml version="1.0" encoding="UTF-8"?>
<!-- Generated by org.testng.reporters.JUnitReportReporter -->
<testsuite hostname="BSC-PG02E1PB" failures="0" tests="1" name="test.navigateRefreshFowardprogram" time="9.930" errors="0" timestamp="2024-02-14T16:21:36 IST" skipped="0">
  <testcase classname="test.navigateRefreshFowardprogram" name="navigate" time="9.930"/>
  <system-out/>
</testsuite> <!-- test.navigateRefreshFowardprogram -->
