<?xml version="1.0" encoding="UTF-8"?>
<!-- Generated by org.testng.reporters.JUnitReportReporter -->
<testsuite hostname="BSC-PG02E1PB" failures="0" tests="1" name="test.checkbox" time="3.857" errors="0" timestamp="2024-02-14T16:13:59 IST" skipped="0">
  <testcase classname="test.checkbox" name="checkbox" time="3.857"/>
  <system-out/>
</testsuite> <!-- test.checkbox -->
