<?xml version="1.0" encoding="UTF-8"?>
<!-- Generated by org.testng.reporters.JUnitReportReporter -->
<testsuite hostname="BSC-PG02E1PB" failures="0" tests="1" name="test.loginpage2CSV" time="2.875" errors="0" timestamp="2024-02-11T22:56:07 IST" skipped="0">
  <testcase classname="test.loginpage2CSV" name="EndToEndTest" time="2.875"/>
  <system-out/>
</testsuite> <!-- test.loginpage2CSV -->
