<?xml version="1.0" encoding="UTF-8"?>
<!-- Generated by org.testng.reporters.JUnitReportReporter -->
<testsuite hostname="BSC-PG02E1PB" failures="0" tests="1" name="test.iframeprogram" time="2.507" errors="0" timestamp="2024-02-07T13:40:11 IST" skipped="0">
  <testcase classname="test.iframeprogram" name="iframe" time="2.507"/>
  <system-out/>
</testsuite> <!-- test.iframeprogram -->
