<?xml version="1.0" encoding="UTF-8"?>
<!-- Generated by org.testng.reporters.JUnitReportReporter -->
<testsuite hostname="BSC-PG02E1PB" failures="0" tests="1" name="testpackage.LoginTest" time="8.587" errors="0" timestamp="2024-02-26T16:41:18 IST" skipped="0">
  <testcase classname="testpackage.LoginTest" name="Login" time="8.587"/>
</testsuite> <!-- testpackage.LoginTest -->
